<?xml version="1.0" encoding="UTF-8"?>
<!-- Generated by org.testng.reporters.JUnitReportReporter -->
<testsuite skipped="0" hostname="DESKTOP-A0HP60D" name="loginverification.LoginDetailsEnhancement" tests="1" failures="0" timestamp="14 Aug 2017 16:10:10 GMT" time="11.282" errors="0">
  <testcase name="gettitle" time="11.282" classname="loginverification.LoginDetailsEnhancement"/>
</testsuite> <!-- loginverification.LoginDetailsEnhancement -->
