<?xml version="1.0" encoding="UTF-8"?>
<!-- Generated by org.testng.reporters.JUnitReportReporter -->
<testsuite skipped="0" hostname="DESKTOP-A0HP60D" name="verifylogin.LoginVerification" tests="1" failures="0" timestamp="13 Aug 2017 07:48:35 GMT" time="11.432" errors="0">
  <testcase name="openwithincorrectoperation" time="11.432" classname="verifylogin.LoginVerification"/>
</testsuite> <!-- verifylogin.LoginVerification -->
